  Day2.1.cpp
  squaregame.cpp
D:\user\desktop\SDLDemo\SDLDemo\Day2.1.cpp(31,7): error C2143: 语法错误: 缺少“;”(在“{”的前面)
D:\user\desktop\SDLDemo\SDLDemo\Day2.1.cpp(31,21): error C2143: 语法错误: 缺少“;”(在“}”的前面)
D:\user\desktop\SDLDemo\SDLDemo\Day2.1.cpp(32,21): error C2143: 语法错误: 缺少“;”(在“}”的前面)
D:\user\desktop\SDLDemo\SDLDemo\Day2.1.cpp(35,28): error C7732: “]”前面应该有一个表达式
D:\user\desktop\SDLDemo\SDLDemo\Day2.1.cpp(35,30): error C2062: 意外的类型“int” 
D:\user\desktop\SDLDemo\SDLDemo\Day2.1.cpp(55,23): error C2065: “rect”: 未声明的标识符
D:\user\desktop\SDLDemo\SDLDemo\Day2.1.cpp(56,3): error C2065: “rect”: 未声明的标识符
D:\user\desktop\SDLDemo\SDLDemo\Day2.1.cpp(57,23): error C2065: “rect”: 未声明的标识符
D:\user\desktop\SDLDemo\SDLDemo\squaregame.cpp(22,23): error C2440: “=”: 无法从“void *”转换为“Block *”
      D:\user\desktop\SDLDemo\SDLDemo\squaregame.cpp(22,23):
      从“void*”到指向非“void”的指针的强制转换要求显式类型强制转换
  
D:\user\desktop\SDLDemo\SDLDemo\squaregame.cpp(54,15): warning C4244: “参数”: 从“time_t”转换到“unsigned int”，可能丢失数据
  正在生成代码...
